<?xml version="1.0" encoding="UTF-8"?>
<testsuite name="controller.MainControllerTest" tests="1" skipped="0" failures="0" errors="0" timestamp="2021-10-30T09:57:57" hostname="DESKTOP-TOBI-32" time="0.042">
  <properties/>
  <testcase name="testConstructor()" classname="controller.MainControllerTest" time="0.042"/>
  <system-out><![CDATA[]]></system-out>
  <system-err><![CDATA[]]></system-err>
</testsuite>
